2025-08-25 19:19:21.079 | INFO     | api_client:__init__:61 - API客户端初始化完成，基础URL: http://localhost:3000
2025-08-25 19:19:21.270 | INFO     | database_manager:_create_indexes:108 - 数据库索引创建完成
2025-08-25 19:19:21.271 | INFO     | database_manager:connect:83 - 成功连接到MongoDB数据库: taiwanpk10
2025-08-25 19:19:21.278 | INFO     | database_manager:get_latest_data:213 - 获取到 0 条最新数据
2025-08-25 19:19:21.284 | INFO     | database_manager:close_connection:339 - 数据库连接已关闭
2025-08-25 19:19:21.287 | INFO     | python_scraper:scrape_latest_single_record:739 - 开始抓取最新一期台湾PK10数据
2025-08-25 19:19:26.069 | INFO     | python_scraper:setup_driver:91 - Chrome浏览器驱动设置完成
2025-08-25 19:19:26.071 | INFO     | python_scraper:navigate_to_page:100 - 正在访问: https://xn--kpro5poukl1g.com/#/
2025-08-25 19:19:31.801 | INFO     | python_scraper:navigate_to_page:107 - 页面加载完成
2025-08-25 19:19:31.934 | INFO     | python_scraper:click_pk10_option:153 - 找到台湾PK10选项: 台湾PK10
2025-08-25 19:19:34.044 | INFO     | python_scraper:click_pk10_option:157 - 成功点击台湾PK10选项
2025-08-25 19:19:34.045 | INFO     | python_scraper:navigate_to_page:111 - 成功切换到台湾PK10数据
2025-08-25 19:19:37.071 | INFO     | python_scraper:extract_lottery_data:208 - 第1页找到 3 个表格
2025-08-25 19:19:37.101 | INFO     | python_scraper:extract_lottery_data:214 - 第1页选择表格 2，包含 50 行
2025-08-25 19:19:37.116 | INFO     | python_scraper:extract_lottery_data:224 - 第1页找到 50 行数据
2025-08-25 19:19:37.150 | INFO     | python_scraper:extract_lottery_data:238 - 第1页第一行包含有效数据，从第一行开始读取
2025-08-25 19:19:37.230 | INFO     | python_scraper:extract_lottery_data:248 - 第1页已达到最大记录数限制: 1
2025-08-25 19:19:37.234 | INFO     | python_scraper:extract_lottery_data:286 - 第1页成功提取 1 条数据
2025-08-25 19:19:37.236 | INFO     | python_scraper:scrape_latest_single_record:767 - 成功抓取最新数据: 期号=114048055
2025-08-25 19:19:37.336 | INFO     | python_scraper:cleanup:801 - 浏览器驱动已关闭
2025-08-25 19:19:37.390 | INFO     | database_manager:_create_indexes:108 - 数据库索引创建完成
2025-08-25 19:19:37.390 | INFO     | database_manager:connect:83 - 成功连接到MongoDB数据库: taiwanpk10
2025-08-25 19:19:37.394 | INFO     | database_manager:close_connection:339 - 数据库连接已关闭
2025-08-25 19:19:37.419 | INFO     | database_manager:_create_indexes:108 - 数据库索引创建完成
2025-08-25 19:19:37.419 | INFO     | database_manager:connect:83 - 成功连接到MongoDB数据库: taiwanpk10
2025-08-25 19:19:37.423 | INFO     | database_manager:close_connection:339 - 数据库连接已关闭
2025-08-25 19:19:37.556 | INFO     | database_manager:_create_indexes:108 - 数据库索引创建完成
2025-08-25 19:19:37.556 | INFO     | database_manager:connect:83 - 成功连接到MongoDB数据库: taiwanpk10
2025-08-25 19:19:37.558 | INFO     | database_manager:get_latest_data:213 - 获取到 0 条最新数据
2025-08-25 19:19:37.559 | INFO     | database_manager:close_connection:339 - 数据库连接已关闭
2025-08-25 19:21:06.876 | INFO     | python_scraper:cleanup:801 - 浏览器驱动已关闭
2025-08-25 19:21:06.877 | INFO     | database_manager:close_connection:339 - 数据库连接已关闭
