2025-08-25 18:44:24.622 | INFO     | __main__:run_scraper:552 - 开始运行台湾PK10数据抓取器
2025-08-25 18:44:28.623 | INFO     | __main__:setup_driver:78 - Chrome浏览器驱动设置完成
2025-08-25 18:44:28.624 | INFO     | __main__:navigate_to_page:87 - 正在访问: https://xn--kpro5poukl1g.com/#/
2025-08-25 18:44:34.074 | INFO     | __main__:navigate_to_page:94 - 页面加载完成
2025-08-25 18:44:34.167 | INFO     | __main__:click_pk10_option:140 - 找到台湾PK10选项: 台湾PK10
2025-08-25 18:44:36.237 | INFO     | __main__:click_pk10_option:144 - 成功点击台湾PK10选项
2025-08-25 18:44:36.237 | INFO     | __main__:navigate_to_page:98 - 成功切换到台湾PK10数据
2025-08-25 18:44:36.283 | WARNING  | __main__:select_date:181 - 未找到日期选择器，使用默认日期
2025-08-25 18:44:36.284 | INFO     | __main__:scrape_all_pages:478 - 正在抓取第 1 页数据
2025-08-25 18:44:36.294 | INFO     | __main__:extract_lottery_data:195 - 找到 3 个表格
2025-08-25 18:44:36.319 | INFO     | __main__:extract_lottery_data:201 - 选择表格 2，包含 50 行
2025-08-25 18:44:36.339 | INFO     | __main__:extract_lottery_data:211 - 找到 50 行数据
2025-08-25 18:44:36.367 | INFO     | __main__:extract_lottery_data:225 - 第一行包含有效数据，从第一行开始读取
2025-08-25 18:44:38.271 | INFO     | __main__:extract_lottery_data:268 - 成功提取 50 条数据
2025-08-25 18:44:38.271 | INFO     | __main__:scrape_all_pages:484 - 第 1 页获取到 50 条数据
2025-08-25 18:44:40.382 | INFO     | __main__:navigate_to_next_page:464 - 没有找到下一页按钮
2025-08-25 18:44:40.382 | INFO     | __main__:scrape_all_pages:494 - 没有更多页面，抓取完成
2025-08-25 18:44:40.382 | INFO     | __main__:scrape_all_pages:500 - 总共抓取了 1 页，获得 50 条数据
2025-08-25 18:44:40.386 | INFO     | __main__:save_to_json:540 - 数据已保存到: data/taiwan_pk10_data_20250825_184440.json
2025-08-25 18:44:40.386 | INFO     | __main__:save_to_json:541 - 最新数据已保存到: data/latest_taiwan_pk10_data.json
2025-08-25 18:44:40.386 | INFO     | __main__:run_scraper:573 - 抓取完成，共获得 50 条数据
2025-08-25 18:44:40.492 | INFO     | __main__:cleanup:588 - 浏览器驱动已关闭
