2025-08-25 19:02:34.973 | INFO     | __main__:run_scraper:640 - 开始运行台湾PK10数据抓取器
2025-08-25 19:02:38.962 | INFO     | __main__:setup_driver:91 - Chrome浏览器驱动设置完成
2025-08-25 19:02:38.964 | INFO     | __main__:navigate_to_page:100 - 正在访问: https://xn--kpro5poukl1g.com/#/
2025-08-25 19:02:44.490 | INFO     | __main__:navigate_to_page:107 - 页面加载完成
2025-08-25 19:02:44.572 | INFO     | __main__:click_pk10_option:153 - 找到台湾PK10选项: 台湾PK10
2025-08-25 19:02:46.640 | INFO     | __main__:click_pk10_option:157 - 成功点击台湾PK10选项
2025-08-25 19:02:46.640 | INFO     | __main__:navigate_to_page:111 - 成功切换到台湾PK10数据
2025-08-25 19:02:46.758 | WARNING  | __main__:select_date:194 - 未找到日期选择器，使用默认日期
2025-08-25 19:02:46.758 | INFO     | __main__:scrape_all_pages:535 - 正在抓取第 1 页数据
2025-08-25 19:02:46.770 | INFO     | __main__:extract_lottery_data:208 - 第1页找到 3 个表格
2025-08-25 19:02:46.795 | INFO     | __main__:extract_lottery_data:214 - 第1页选择表格 2，包含 50 行
2025-08-25 19:02:46.809 | INFO     | __main__:extract_lottery_data:224 - 第1页找到 50 行数据
2025-08-25 19:02:46.838 | INFO     | __main__:extract_lottery_data:238 - 第1页第一行包含有效数据，从第一行开始读取
2025-08-25 19:02:48.762 | INFO     | __main__:extract_lottery_data:281 - 第1页成功提取 50 条数据
2025-08-25 19:02:48.764 | INFO     | __main__:scrape_all_pages:554 - 第 1 页获取到 50 条新数据
2025-08-25 19:02:53.674 | INFO     | __main__:navigate_to_next_page:506 - 已成功翻页: <button type="button" class="btn-next is-last" aria-label="下一页" aria-disabled="false"><i class="el-i
2025-08-25 19:02:55.674 | INFO     | __main__:scrape_all_pages:535 - 正在抓取第 2 页数据
2025-08-25 19:02:55.683 | INFO     | __main__:extract_lottery_data:208 - 第2页找到 3 个表格
2025-08-25 19:02:55.708 | INFO     | __main__:extract_lottery_data:214 - 第2页选择表格 2，包含 50 行
2025-08-25 19:02:55.736 | INFO     | __main__:extract_lottery_data:224 - 第2页找到 50 行数据
2025-08-25 19:02:55.762 | INFO     | __main__:extract_lottery_data:238 - 第2页第一行包含有效数据，从第一行开始读取
2025-08-25 19:02:57.679 | INFO     | __main__:extract_lottery_data:281 - 第2页成功提取 50 条数据
2025-08-25 19:02:57.679 | INFO     | __main__:scrape_all_pages:554 - 第 2 页获取到 50 条新数据
2025-08-25 19:03:02.594 | INFO     | __main__:navigate_to_next_page:506 - 已成功翻页: <button type="button" class="btn-next is-last" aria-label="下一页" aria-disabled="true" disabled=""><i 
2025-08-25 19:03:04.598 | INFO     | __main__:scrape_all_pages:535 - 正在抓取第 3 页数据
2025-08-25 19:03:04.605 | INFO     | __main__:extract_lottery_data:208 - 第3页找到 3 个表格
2025-08-25 19:03:04.632 | INFO     | __main__:extract_lottery_data:214 - 第3页选择表格 2，包含 44 行
2025-08-25 19:03:04.646 | INFO     | __main__:extract_lottery_data:224 - 第3页找到 44 行数据
2025-08-25 19:03:04.669 | INFO     | __main__:extract_lottery_data:238 - 第3页第一行包含有效数据，从第一行开始读取
2025-08-25 19:03:06.278 | INFO     | __main__:extract_lottery_data:281 - 第3页成功提取 44 条数据
2025-08-25 19:03:06.278 | INFO     | __main__:scrape_all_pages:554 - 第 3 页获取到 44 条新数据
2025-08-25 19:03:06.775 | INFO     | __main__:navigate_to_next_page:519 - 没有找到可用的下一页按钮，已到达最后一页
2025-08-25 19:03:06.776 | INFO     | __main__:scrape_all_pages:582 - 第 3 页后没有更多页面，抓取完成
2025-08-25 19:03:06.776 | INFO     | __main__:scrape_all_pages:588 - 总共抓取了 3 页，获得 144 条唯一数据
2025-08-25 19:03:06.776 | INFO     | __main__:run_scraper:664 - 数据验证完成，有效数据: 144/144 条
2025-08-25 19:03:06.784 | INFO     | __main__:save_to_json:628 - 数据已保存到: data/taiwan_pk10_data_20250825_190306.json
2025-08-25 19:03:06.785 | INFO     | __main__:save_to_json:629 - 最新数据已保存到: data/latest_taiwan_pk10_data.json
2025-08-25 19:03:06.846 | INFO     | __main__:connect_mongodb:718 - 成功连接到MongoDB数据库: taiwan_pk10
2025-08-25 19:03:07.058 | INFO     | __main__:save_to_mongodb:767 - 成功保存 144 条数据到MongoDB
2025-08-25 19:03:07.060 | INFO     | __main__:save_to_mongodb:779 - 格式化数据已保存，共 144 条记录
2025-08-25 19:03:07.061 | INFO     | __main__:run_scraper:674 - 数据已成功保存到MongoDB数据库
2025-08-25 19:03:07.062 | INFO     | __main__:run_scraper:679 - 格式化数据样本（前5条）:
2025-08-25 19:03:07.063 | INFO     | __main__:run_scraper:681 -   1: 114048052 5,4,9,3,2,6,1,8,10,7
2025-08-25 19:03:07.063 | INFO     | __main__:run_scraper:681 -   2: 114048051 8,2,3,6,1,9,10,5,7,4
2025-08-25 19:03:07.063 | INFO     | __main__:run_scraper:681 -   3: 114048050 2,7,3,1,9,5,6,10,4,8
2025-08-25 19:03:07.064 | INFO     | __main__:run_scraper:681 -   4: 114048049 1,3,7,5,4,9,10,8,6,2
2025-08-25 19:03:07.064 | INFO     | __main__:run_scraper:681 -   5: 114048048 4,9,7,2,8,6,5,1,10,3
2025-08-25 19:03:07.065 | INFO     | __main__:run_scraper:682 - 总计 144 条格式化数据可用于网页导入
2025-08-25 19:03:07.065 | INFO     | __main__:run_scraper:688 - 抓取完成，共获得 144 条有效数据
2025-08-25 19:03:07.278 | INFO     | __main__:cleanup:703 - 浏览器驱动已关闭
