2025-08-25 18:55:32.783 | INFO     | __main__:run_scraper:598 - 开始运行台湾PK10数据抓取器
2025-08-25 18:55:37.947 | INFO     | __main__:setup_driver:91 - Chrome浏览器驱动设置完成
2025-08-25 18:55:37.948 | INFO     | __main__:navigate_to_page:100 - 正在访问: https://xn--kpro5poukl1g.com/#/
2025-08-25 18:55:43.905 | INFO     | __main__:navigate_to_page:107 - 页面加载完成
2025-08-25 18:55:44.004 | INFO     | __main__:click_pk10_option:153 - 找到台湾PK10选项: 台湾PK10
2025-08-25 18:55:46.090 | INFO     | __main__:click_pk10_option:157 - 成功点击台湾PK10选项
2025-08-25 18:55:46.091 | INFO     | __main__:navigate_to_page:111 - 成功切换到台湾PK10数据
2025-08-25 18:55:46.146 | WARNING  | __main__:select_date:194 - 未找到日期选择器，使用默认日期
2025-08-25 18:55:46.146 | INFO     | __main__:scrape_all_pages:523 - 正在抓取第 1 页数据
2025-08-25 18:55:46.160 | INFO     | __main__:extract_lottery_data:208 - 第1页找到 3 个表格
2025-08-25 18:55:46.199 | INFO     | __main__:extract_lottery_data:214 - 第1页选择表格 2，包含 50 行
2025-08-25 18:55:46.215 | INFO     | __main__:extract_lottery_data:224 - 第1页找到 50 行数据
2025-08-25 18:55:46.252 | INFO     | __main__:extract_lottery_data:238 - 第1页第一行包含有效数据，从第一行开始读取
2025-08-25 18:55:48.757 | INFO     | __main__:extract_lottery_data:281 - 第1页成功提取 50 条数据
2025-08-25 18:55:48.758 | INFO     | __main__:scrape_all_pages:529 - 第 1 页获取到 50 条数据
2025-08-25 18:55:52.943 | INFO     | __main__:navigate_to_next_page:490 - 已点击翻页按钮: <button type="button" class="btn-next is-last" aria-label="下一页" aria-disabled="false"><i class="el-i
2025-08-25 18:55:54.946 | INFO     | __main__:scrape_all_pages:523 - 正在抓取第 2 页数据
2025-08-25 18:55:54.953 | INFO     | __main__:extract_lottery_data:208 - 第2页找到 3 个表格
2025-08-25 18:55:54.991 | INFO     | __main__:extract_lottery_data:214 - 第2页选择表格 2，包含 50 行
2025-08-25 18:55:55.011 | INFO     | __main__:extract_lottery_data:224 - 第2页找到 50 行数据
2025-08-25 18:55:55.065 | INFO     | __main__:extract_lottery_data:238 - 第2页第一行包含有效数据，从第一行开始读取
2025-08-25 18:55:57.978 | INFO     | __main__:extract_lottery_data:281 - 第2页成功提取 50 条数据
2025-08-25 18:55:57.979 | INFO     | __main__:scrape_all_pages:529 - 第 2 页获取到 50 条数据
2025-08-25 18:56:02.152 | INFO     | __main__:navigate_to_next_page:490 - 已点击翻页按钮: <button type="button" class="btn-next is-last" aria-label="下一页" aria-disabled="true" disabled=""><i 
2025-08-25 18:56:04.158 | INFO     | __main__:scrape_all_pages:523 - 正在抓取第 3 页数据
2025-08-25 18:56:04.167 | INFO     | __main__:extract_lottery_data:208 - 第3页找到 3 个表格
2025-08-25 18:56:04.198 | INFO     | __main__:extract_lottery_data:214 - 第3页选择表格 2，包含 43 行
2025-08-25 18:56:04.212 | INFO     | __main__:extract_lottery_data:224 - 第3页找到 43 行数据
2025-08-25 18:56:04.249 | INFO     | __main__:extract_lottery_data:238 - 第3页第一行包含有效数据，从第一行开始读取
2025-08-25 18:56:06.524 | INFO     | __main__:extract_lottery_data:281 - 第3页成功提取 43 条数据
2025-08-25 18:56:06.525 | INFO     | __main__:scrape_all_pages:529 - 第 3 页获取到 43 条数据
2025-08-25 18:56:10.857 | INFO     | __main__:navigate_to_next_page:504 - 尝试通过键盘翻页
2025-08-25 18:56:12.858 | INFO     | __main__:scrape_all_pages:523 - 正在抓取第 4 页数据
2025-08-25 18:56:12.865 | INFO     | __main__:extract_lottery_data:208 - 第4页找到 3 个表格
2025-08-25 18:56:12.884 | INFO     | __main__:extract_lottery_data:214 - 第4页选择表格 2，包含 43 行
2025-08-25 18:56:12.901 | INFO     | __main__:extract_lottery_data:224 - 第4页找到 43 行数据
2025-08-25 18:56:12.926 | INFO     | __main__:extract_lottery_data:238 - 第4页第一行包含有效数据，从第一行开始读取
2025-08-25 18:56:14.557 | INFO     | __main__:extract_lottery_data:281 - 第4页成功提取 43 条数据
2025-08-25 18:56:14.557 | INFO     | __main__:scrape_all_pages:529 - 第 4 页获取到 43 条数据
2025-08-25 18:56:18.846 | INFO     | __main__:navigate_to_next_page:504 - 尝试通过键盘翻页
2025-08-25 18:56:20.850 | INFO     | __main__:scrape_all_pages:523 - 正在抓取第 5 页数据
2025-08-25 18:56:20.857 | INFO     | __main__:extract_lottery_data:208 - 第5页找到 3 个表格
2025-08-25 18:56:20.888 | INFO     | __main__:extract_lottery_data:214 - 第5页选择表格 2，包含 43 行
2025-08-25 18:56:20.906 | INFO     | __main__:extract_lottery_data:224 - 第5页找到 43 行数据
2025-08-25 18:56:20.934 | INFO     | __main__:extract_lottery_data:238 - 第5页第一行包含有效数据，从第一行开始读取
2025-08-25 18:56:22.665 | INFO     | __main__:extract_lottery_data:281 - 第5页成功提取 43 条数据
2025-08-25 18:56:22.665 | INFO     | __main__:scrape_all_pages:529 - 第 5 页获取到 43 条数据
2025-08-25 18:56:22.666 | INFO     | __main__:scrape_all_pages:535 - 已达到最大页数 5，抓取完成
2025-08-25 18:56:22.666 | INFO     | __main__:scrape_all_pages:546 - 总共抓取了 5 页，获得 229 条数据
2025-08-25 18:56:22.666 | INFO     | __main__:run_scraper:622 - 数据验证完成，有效数据: 229/229 条
2025-08-25 18:56:22.774 | INFO     | __main__:save_to_json:586 - 数据已保存到: data/taiwan_pk10_data_20250825_185622.json
2025-08-25 18:56:22.775 | INFO     | __main__:save_to_json:587 - 最新数据已保存到: data/latest_taiwan_pk10_data.json
2025-08-25 18:56:22.845 | INFO     | __main__:connect_mongodb:676 - 成功连接到MongoDB数据库: taiwan_pk10
2025-08-25 18:56:22.873 | INFO     | __main__:save_to_mongodb:725 - 成功保存 229 条数据到MongoDB
2025-08-25 18:56:23.171 | INFO     | __main__:save_to_mongodb:737 - 格式化数据已保存，共 229 条记录
2025-08-25 18:56:23.172 | INFO     | __main__:run_scraper:632 - 数据已成功保存到MongoDB数据库
2025-08-25 18:56:23.173 | INFO     | __main__:run_scraper:637 - 格式化数据样本（前5条）:
2025-08-25 18:56:23.173 | INFO     | __main__:run_scraper:639 -   1: 114048050 2,7,3,1,9,5,6,10,4,8
2025-08-25 18:56:23.173 | INFO     | __main__:run_scraper:639 -   2: 114048049 1,3,7,5,4,9,10,8,6,2
2025-08-25 18:56:23.174 | INFO     | __main__:run_scraper:639 -   3: 114048048 4,9,7,2,8,6,5,1,10,3
2025-08-25 18:56:23.174 | INFO     | __main__:run_scraper:639 -   4: 114048047 8,2,6,1,10,5,7,3,4,9
2025-08-25 18:56:23.175 | INFO     | __main__:run_scraper:639 -   5: 114048046 4,8,5,7,1,2,9,3,6,10
2025-08-25 18:56:23.175 | INFO     | __main__:run_scraper:640 - 总计 229 条格式化数据可用于网页导入
2025-08-25 18:56:23.175 | INFO     | __main__:run_scraper:646 - 抓取完成，共获得 229 条有效数据
2025-08-25 18:56:23.298 | INFO     | __main__:cleanup:661 - 浏览器驱动已关闭
